<?xml version="1.0" encoding="UTF-8"?>
<!-- Generated by org.testng.reporters.JUnitXMLReporter -->
<testsuite hostname="biagimac.local" name="Surefire test" tests="2" failures="0" timestamp="28 May 2019 10:40:23 GMT" time="0.025" errors="0">
  <testcase name="splitCommaSeparatedList on splitCommaSeparatedList(io.swagger.codegen.cmd.utils.OptionUtilsTest)" time="0.004" classname="io.swagger.codegen.cmd.utils.OptionUtilsTest"/>
  <testcase name="testParseCommaSeparatedTuples on testParseCommaSeparatedTuples(io.swagger.codegen.cmd.utils.OptionUtilsTest)" time="0.002" classname="io.swagger.codegen.cmd.utils.OptionUtilsTest"/>
</testsuite> <!-- Surefire test -->
